0 info it worked if it ends with ok
1 verbose cli [ '/usr/local/bin/node', '/usr/local/bin/npm', 'run', 'watch' ]
2 info using npm@3.5.0
3 info using node@v5.0.0
4 verbose run-script [ 'prewatch', 'watch', 'postwatch' ]
5 info lifecycle vote-web@0.0.0~prewatch: vote-web@0.0.0
6 silly lifecycle vote-web@0.0.0~prewatch: no script for prewatch, continuing
7 info lifecycle vote-web@0.0.0~watch: vote-web@0.0.0
8 verbose lifecycle vote-web@0.0.0~watch: unsafe-perm in lifecycle true
9 verbose lifecycle vote-web@0.0.0~watch: PATH: /usr/local/lib/node_modules/npm/bin/node-gyp-bin:/Users/choi/Desktop/vote-web/node_server/node_modules/.bin:/Users/choi/anaconda/bin:/usr/bin:/bin:/usr/sbin:/sbin:/usr/local/bin:/opt/ImageMagick/bin:/usr/local/bin:/Users/choi/bin:/usr/local/mysql/bin
10 verbose lifecycle vote-web@0.0.0~watch: CWD: /Users/choi/Desktop/vote-web/node_server
11 silly lifecycle vote-web@0.0.0~watch: Args: [ '-c', 'gulp watch' ]
12 silly lifecycle vote-web@0.0.0~watch: Returned: code: 1  signal: null
13 info lifecycle vote-web@0.0.0~watch: Failed to exec watch script
14 verbose stack Error: vote-web@0.0.0 watch: `gulp watch`
14 verbose stack Exit status 1
14 verbose stack     at EventEmitter.<anonymous> (/usr/local/lib/node_modules/npm/lib/utils/lifecycle.js:232:16)
14 verbose stack     at emitTwo (events.js:87:13)
14 verbose stack     at EventEmitter.emit (events.js:172:7)
14 verbose stack     at ChildProcess.<anonymous> (/usr/local/lib/node_modules/npm/lib/utils/spawn.js:24:14)
14 verbose stack     at emitTwo (events.js:87:13)
14 verbose stack     at ChildProcess.emit (events.js:172:7)
14 verbose stack     at maybeClose (internal/child_process.js:818:16)
14 verbose stack     at Process.ChildProcess._handle.onexit (internal/child_process.js:211:5)
15 verbose pkgid vote-web@0.0.0
16 verbose cwd /Users/choi/Desktop/vote-web/node_server
17 error Darwin 15.5.0
18 error argv "/usr/local/bin/node" "/usr/local/bin/npm" "run" "watch"
19 error node v5.0.0
20 error npm  v3.5.0
21 error code ELIFECYCLE
22 error vote-web@0.0.0 watch: `gulp watch`
22 error Exit status 1
23 error Failed at the vote-web@0.0.0 watch script 'gulp watch'.
23 error Make sure you have the latest version of node.js and npm installed.
23 error If you do, this is most likely a problem with the vote-web package,
23 error not with npm itself.
23 error Tell the author that this fails on your system:
23 error     gulp watch
23 error You can get their info via:
23 error     npm owner ls vote-web
23 error There is likely additional logging output above.
24 verbose exit [ 1, true ]
